   Compiling proc-macro2 v1.0.19
   Compiling memchr v2.3.3
   Compiling unicode-xid v0.2.1
   Compiling byteorder v1.3.4
   Compiling syn v1.0.36
   Compiling serde v1.0.114
   Compiling cuda-sys v0.2.0
   Compiling ryu v1.0.5
   Compiling bitflags v1.2.1
   Compiling lazy_static v1.4.0
   Compiling lab3 v0.1.0 (/home/v236shar/ECE459/ece459-a3grading-w24/ece459w24/tograde)
   Compiling itoa v0.4.6
   Compiling rustacuda_core v0.1.2
   Compiling regex-automata v0.1.9
   Compiling csv-core v0.1.10
   Compiling quote v1.0.7
   Compiling rustacuda_derive v0.1.2
   Compiling rustacuda v0.1.2
   Compiling bstr v0.2.13
   Compiling csv v1.1.3
warning: unused variable: `layer2_output`
  --> src/cuda.rs:50:17
   |
50 |         let mut layer2_output =
   |                 ^^^^^^^^^^^^^ help: if this is intentional, prefix it with an underscore: `_layer2_output`
   |
   = note: `#[warn(unused_variables)]` on by default

warning: variable does not need to be mutable
  --> src/cuda.rs:50:13
   |
50 |         let mut layer2_output =
   |             ----^^^^^^^^^^^^^
   |             |
   |             help: remove this `mut`
   |
   = note: `#[warn(unused_mut)]` on by default

warning: unused `Result` that must be used
   --> src/cuda.rs:109:9
    |
109 |         layer3_output.copy_to(&mut r);
    |         ^^^^^^^^^^^^^^^^^^^^^^^^^^^^^
    |
    = note: this `Result` may be an `Err` variant, which should be handled
    = note: `#[warn(unused_must_use)]` on by default
help: use `let _ = ...` to ignore the resulting value
    |
109 |         let _ = layer3_output.copy_to(&mut r);
    |         +++++++

warning: `lab3` (bin "lab3") generated 3 warnings (run `cargo fix --bin "lab3"` to apply 2 suggestions)
    Finished release [optimized] target(s) in 3.26s
